d:\code\github\flac\objs\x64\debug\lib\libflac_static.pdb
d:\code\github\flac\src\libflac\x64\debug\metadata_object.obj
d:\code\github\flac\src\libflac\x64\debug\metadata_iterators.obj
d:\code\github\flac\src\libflac\x64\debug\memory.obj
d:\code\github\flac\src\libflac\x64\debug\md5.obj
d:\code\github\flac\src\libflac\x64\debug\lpc_intrin_sse41.obj
d:\code\github\flac\src\libflac\x64\debug\lpc_intrin_sse2.obj
d:\code\github\flac\src\libflac\x64\debug\lpc_intrin_sse.obj
d:\code\github\flac\src\libflac\x64\debug\lpc.obj
d:\code\github\flac\src\libflac\x64\debug\format.obj
d:\code\github\flac\src\libflac\x64\debug\float.obj
d:\code\github\flac\src\libflac\x64\debug\fixed_intrin_ssse3.obj
d:\code\github\flac\src\libflac\x64\debug\fixed_intrin_sse2.obj
d:\code\github\flac\src\libflac\x64\debug\fixed.obj
d:\code\github\flac\src\libflac\x64\debug\crc.obj
d:\code\github\flac\src\libflac\x64\debug\cpu.obj
d:\code\github\flac\src\libflac\x64\debug\bitwriter.obj
d:\code\github\flac\src\libflac\x64\debug\bitreader.obj
d:\code\github\flac\src\libflac\x64\debug\bitmath.obj
d:\code\github\flac\src\libflac\x64\debug\windows_unicode_filenames.obj
d:\code\github\flac\src\libflac\x64\debug\window.obj
d:\code\github\flac\src\libflac\x64\debug\stream_encoder_intrin_ssse3.obj
d:\code\github\flac\src\libflac\x64\debug\stream_encoder_intrin_sse2.obj
d:\code\github\flac\src\libflac\x64\debug\stream_encoder_framing.obj
d:\code\github\flac\src\libflac\x64\debug\ogg_mapping.obj
d:\code\github\flac\src\libflac\x64\debug\libflac_static.tlog\cl.command.1.tlog
d:\code\github\flac\src\libflac\x64\debug\libflac_static.tlog\cl.read.1.tlog
d:\code\github\flac\src\libflac\x64\debug\libflac_static.tlog\cl.write.1.tlog
